Build started 5/29/2012 11:08:55 PM.
     1>Project "C:\Users\Ansel\Desktop\quakeMapLoader\Game\Game\Game\Game.vcxproj" on node 2 (build target(s)).
     1>InitializeBuildStatus:
         Creating "Release\Game.unsuccessfulbuild" because "AlwaysCreate" was specified.
       ClCompile:
         c:\Program Files (x86)\Microsoft Visual Studio 10.0\VC\bin\CL.exe /c /Zi /nologo /W3 /WX- /O2 /Oi /Oy- /GL /D WIN32 /D NDEBUG /D _CONSOLE /D _UNICODE /D UNICODE /Gm- /EHsc /MT /GS /Gy /fp:precise /Zc:wchar_t /Zc:forScope /Fo"Release\\" /Fd"Release\vc100.pdb" /Gd /TP /analyze- /errorReport:prompt Game.cpp
         Game.cpp
       Link:
         c:\Program Files (x86)\Microsoft Visual Studio 10.0\VC\bin\link.exe /ERRORREPORT:PROMPT /OUT:"C:\Users\Ansel\Desktop\quakeMapLoader\Game\Game\Release\Game.exe" /INCREMENTAL:NO /NOLOGO kernel32.lib user32.lib gdi32.lib winspool.lib comdlg32.lib advapi32.lib shell32.lib ole32.lib oleaut32.lib uuid.lib odbc32.lib odbccp32.lib /MANIFEST /ManifestFile:"Release\Game.exe.intermediate.manifest" /MANIFESTUAC:"level='asInvoker' uiAccess='false'" /DEBUG /PDB:"C:\Users\Ansel\Desktop\quakeMapLoader\Game\Game\Release\Game.pdb" /SUBSYSTEM:CONSOLE /OPT:REF /OPT:ICF /LTCG /TLBID:1 /DYNAMICBASE /NXCOMPAT /IMPLIB:"C:\Users\Ansel\Desktop\quakeMapLoader\Game\Game\Release\Game.lib" /MACHINE:X86 Release\EventReceiver.obj
         Release\Game.obj
         Release\Main.obj
         Release\MMenu.obj
         Release\Objective.obj
         Release\Overlay.obj
         Release\sound.obj
         Generating code
         Finished generating code
         Game.vcxproj -> C:\Users\Ansel\Desktop\quakeMapLoader\Game\Game\Release\Game.exe
       Manifest:
         c:\Program Files (x86)\Microsoft SDKs\Windows\v7.0A\bin\mt.exe /nologo /verbose /outputresource:"C:\Users\Ansel\Desktop\quakeMapLoader\Game\Game\Release\Game.exe;#1" /manifest Release\Game.exe.intermediate.manifest
       FinalizeBuildStatus:
         Deleting file "Release\Game.unsuccessfulbuild".
         Touching "Release\Game.lastbuildstate".
     1>Done Building Project "C:\Users\Ansel\Desktop\quakeMapLoader\Game\Game\Game\Game.vcxproj" (build target(s)).

Build succeeded.

Time Elapsed 00:00:03.14
