C:\Users\Ansel\Desktop\quakeMapLoader\Game\Game\Game\Debug\cl.command.1.tlog
C:\Users\Ansel\Desktop\quakeMapLoader\Game\Game\Game\Debug\CL.read.1.tlog
C:\Users\Ansel\Desktop\quakeMapLoader\Game\Game\Game\Debug\CL.write.1.tlog
C:\USERS\ANSEL\DESKTOP\QUAKEMAPLOADER\GAME\GAME\GAME\DEBUG\EVENTRECEIVER.OBJ
C:\Users\Ansel\Desktop\quakeMapLoader\Game\Game\Game\Debug\Game.exe.embed.manifest
C:\USERS\ANSEL\DESKTOP\QUAKEMAPLOADER\GAME\GAME\GAME\DEBUG\GAME.EXE.EMBED.MANIFEST.RES
C:\USERS\ANSEL\DESKTOP\QUAKEMAPLOADER\GAME\GAME\GAME\DEBUG\GAME.OBJ
C:\Users\Ansel\Desktop\quakeMapLoader\Game\Game\Game\Debug\Game_manifest.rc
C:\Users\Ansel\Desktop\quakeMapLoader\Game\Game\Game\Debug\link.command.1.tlog
C:\Users\Ansel\Desktop\quakeMapLoader\Game\Game\Game\Debug\link.read.1.tlog
C:\Users\Ansel\Desktop\quakeMapLoader\Game\Game\Game\Debug\link.write.1.tlog
C:\USERS\ANSEL\DESKTOP\QUAKEMAPLOADER\GAME\GAME\GAME\DEBUG\MAIN.OBJ
C:\USERS\ANSEL\DESKTOP\QUAKEMAPLOADER\GAME\GAME\GAME\DEBUG\MMENU.OBJ
C:\USERS\ANSEL\DESKTOP\QUAKEMAPLOADER\GAME\GAME\GAME\DEBUG\OBJECTIVE.OBJ
C:\USERS\ANSEL\DESKTOP\QUAKEMAPLOADER\GAME\GAME\GAME\DEBUG\OVERLAY.OBJ
C:\Users\Ansel\Desktop\quakeMapLoader\Game\Game\Game\Debug\rc.command.1.tlog
C:\Users\Ansel\Desktop\quakeMapLoader\Game\Game\Game\Debug\rc.read.1.tlog
C:\Users\Ansel\Desktop\quakeMapLoader\Game\Game\Game\Debug\rc.write.1.tlog
C:\USERS\ANSEL\DESKTOP\QUAKEMAPLOADER\GAME\GAME\GAME\DEBUG\SOUND.OBJ
C:\Users\Ansel\Desktop\quakeMapLoader\Game\Game\Game\Debug\vc100.idb
C:\USERS\ANSEL\DESKTOP\QUAKEMAPLOADER\GAME\GAME\GAME\DEBUG\VC100.PDB
